<?xml version='1.0'?>
<ns2:test-suite xmlns:ns2='urn:model.allure.qatools.yandex.ru' start='1532706923946' stop='1532706923985'>
    <name>Performing a logout </name>
    <title>Performing a logout </title>
    <test-cases>
        <test-case start='1532706923949' status='broken' stop='1532706923960'>
            <name>I om crm login main page</name>
            <title>I om crm login main page</title>
            <labels>
                <label name='language' value='javascript'/>
                <label name='framework' value='wdio'/>
            </labels>
            <parameters>
                <parameter kind='argument' name='browser' value='chrome'/>
                <parameter kind='environment-variable' name='capabilities' value='{"browserName":"chrome","maxInstances":"10"}'/>
                <parameter kind='environment-variable' name='spec files' value='["/Users/leonid.ivanytskyi/WebstormProjects/webdriverIO-with-cucumberBDD/test/features/logout.feature"]'/>
            </parameters>
            <steps/>
            <attachments/>
            <failure>
                <message>mainCrmPage is not defined</message>
                <stack-trace>ReferenceError: mainCrmPage is not defined
                    at World.&lt;anonymous> (/Users/leonid.ivanytskyi/WebstormProjects/webdriverIO-with-cucumberBDD/test/stepDefinitions/given.js:14:7)
                    at new Promise (&lt;anonymous>)
                    at new F (/Users/leonid.ivanytskyi/WebstormProjects/webdriverIO-with-cucumberBDD/node_modules/core-js/library/modules/_export.js:36:28)</stack-trace>
            </failure>
        </test-case>
        <test-case start='1532706923970' status='broken' stop='1532706923975'>
            <name>I press logout button</name>
            <title>I press logout button</title>
            <labels>
                <label name='language' value='javascript'/>
                <label name='framework' value='wdio'/>
            </labels>
            <parameters>
                <parameter kind='argument' name='browser' value='chrome'/>
                <parameter kind='environment-variable' name='capabilities' value='{"browserName":"chrome","maxInstances":"10"}'/>
                <parameter kind='environment-variable' name='spec files' value='["/Users/leonid.ivanytskyi/WebstormProjects/webdriverIO-with-cucumberBDD/test/features/logout.feature"]'/>
            </parameters>
            <steps/>
            <attachments/>
            <failure>
                <message>Step "I press logout button" is not defined. You can ignore this error by setting
                                              cucumberOpts.ignoreUndefinedDefinitions as true.</message>
                <stack-trace>/Users/leonid.ivanytskyi/WebstormProjects/webdriverIO-with-cucumberBDD/test/features/logout.feature:11</stack-trace>
            </failure>
        </test-case>
        <test-case start='1532706923980' status='pending' stop='1532706923981'>
            <name>I should see all elements of login page</name>
            <title>I should see all elements of login page</title>
            <labels>
                <label name='language' value='javascript'/>
                <label name='framework' value='wdio'/>
            </labels>
            <parameters>
                <parameter kind='argument' name='browser' value='chrome'/>
                <parameter kind='environment-variable' name='capabilities' value='{"browserName":"chrome","maxInstances":"10"}'/>
                <parameter kind='environment-variable' name='spec files' value='["/Users/leonid.ivanytskyi/WebstormProjects/webdriverIO-with-cucumberBDD/test/features/logout.feature"]'/>
            </parameters>
            <steps/>
            <attachments/>
        </test-case>
    </test-cases>
</ns2:test-suite>